<?xml version="1.0" encoding="UTF-8"?>
<!-- Generated by org.testng.reporters.JUnitReportReporter -->
<testsuite hostname="ITL_TESTER" failures="0" tests="1" name="Runner.RunnerTest" time="73.940" errors="0" timestamp="2024-03-25T18:56:22 IST" skipped="0">
  <testcase classname="Runner.RunnerTest" name="runScenario" time="73.940"/>
</testsuite> <!-- Runner.RunnerTest -->
